[INFO] Scanning for projects...
[INFO] 
[INFO] ------------------< com.quindioflix:quindioflix-app >-------------------
[INFO] Building quindioflix-app 0.0.1-SNAPSHOT
[INFO]   from pom.xml
[INFO] --------------------------------[ jar ]---------------------------------
[INFO] 
[INFO] >>> spring-boot:3.2.5:run (default-cli) > test-compile @ quindioflix-app >>>
[INFO] 
[INFO] --- resources:3.3.1:resources (default-resources) @ quindioflix-app ---
[INFO] Copying 2 resources from src/main/resources to target/classes
[INFO] Copying 4 resources from src/main/resources to target/classes
[INFO] 
[INFO] --- compiler:3.11.0:compile (default-compile) @ quindioflix-app ---
[INFO] Nothing to compile - all classes are up to date
[INFO] 
[INFO] --- resources:3.3.1:testResources (default-testResources) @ quindioflix-app ---
[INFO] skip non existing resourceDirectory /Users/andrescepeda/Documents/FinalProyectBBDD2/quindioflix-app/src/test/resources
[INFO] 
[INFO] --- compiler:3.11.0:testCompile (default-testCompile) @ quindioflix-app ---
[INFO] Nothing to compile - all classes are up to date
[INFO] 
[INFO] <<< spring-boot:3.2.5:run (default-cli) < test-compile @ quindioflix-app <<<
[INFO] 
[INFO] 
[INFO] --- spring-boot:3.2.5:run (default-cli) @ quindioflix-app ---
[INFO] Attaching agents: []

  .   ____          _            __ _ _
 /\\ / ___'_ __ _ _(_)_ __  __ _ \ \ \ \
( ( )\___ | '_ | '_| | '_ \/ _` | \ \ \ \
 \\/  ___)| |_)| | | | | || (_| |  ) ) ) )
  '  |____| .__|_| |_|_| |_\__, | / / / /
 =========|_|==============|___/=/_/_/_/
 :: Spring Boot ::                (v3.2.5)

2026-05-28T17:09:18.214-05:00  INFO 5362 --- [quindioflix] [           main] com.quindioflix.QuindioflixApplication   : Starting QuindioflixApplication using Java 17.0.18 with PID 5362 (/Users/andrescepeda/Documents/FinalProyectBBDD2/quindioflix-app/target/classes started by andrescepeda in /Users/andrescepeda/Documents/FinalProyectBBDD2/quindioflix-app)
2026-05-28T17:09:18.215-05:00  INFO 5362 --- [quindioflix] [           main] com.quindioflix.QuindioflixApplication   : The following 1 profile is active: "demo"
2026-05-28T17:09:18.490-05:00  INFO 5362 --- [quindioflix] [           main] .s.d.r.c.RepositoryConfigurationDelegate : Bootstrapping Spring Data JPA repositories in DEFAULT mode.
2026-05-28T17:09:18.536-05:00  INFO 5362 --- [quindioflix] [           main] .s.d.r.c.RepositoryConfigurationDelegate : Finished Spring Data repository scanning in 43 ms. Found 18 JPA repository interfaces.
2026-05-28T17:09:18.771-05:00  INFO 5362 --- [quindioflix] [           main] o.s.b.w.embedded.tomcat.TomcatWebServer  : Tomcat initialized with port 8080 (http)
2026-05-28T17:09:18.776-05:00  INFO 5362 --- [quindioflix] [           main] o.apache.catalina.core.StandardService   : Starting service [Tomcat]
2026-05-28T17:09:18.776-05:00  INFO 5362 --- [quindioflix] [           main] o.apache.catalina.core.StandardEngine    : Starting Servlet engine: [Apache Tomcat/10.1.20]
2026-05-28T17:09:18.804-05:00  INFO 5362 --- [quindioflix] [           main] o.a.c.c.C.[Tomcat].[localhost].[/]       : Initializing Spring embedded WebApplicationContext
2026-05-28T17:09:18.805-05:00  INFO 5362 --- [quindioflix] [           main] w.s.c.ServletWebServerApplicationContext : Root WebApplicationContext: initialization completed in 572 ms
2026-05-28T17:09:18.828-05:00  INFO 5362 --- [quindioflix] [           main] com.zaxxer.hikari.HikariDataSource       : HikariPool-1 - Starting...
2026-05-28T17:09:18.941-05:00  INFO 5362 --- [quindioflix] [           main] com.zaxxer.hikari.pool.HikariPool        : HikariPool-1 - Added connection conn0: url=jdbc:h2:mem:quindioflix user=SA
2026-05-28T17:09:18.942-05:00  INFO 5362 --- [quindioflix] [           main] com.zaxxer.hikari.HikariDataSource       : HikariPool-1 - Start completed.
2026-05-28T17:09:18.948-05:00  INFO 5362 --- [quindioflix] [           main] o.s.b.a.h2.H2ConsoleAutoConfiguration    : H2 console available at '/h2-console'. Database available at 'jdbc:h2:mem:quindioflix'
2026-05-28T17:09:19.013-05:00  INFO 5362 --- [quindioflix] [           main] o.hibernate.jpa.internal.util.LogHelper  : HHH000204: Processing PersistenceUnitInfo [name: default]
2026-05-28T17:09:19.042-05:00  INFO 5362 --- [quindioflix] [           main] org.hibernate.Version                    : HHH000412: Hibernate ORM core version 6.4.4.Final
2026-05-28T17:09:19.055-05:00  INFO 5362 --- [quindioflix] [           main] o.h.c.internal.RegionFactoryInitiator    : HHH000026: Second-level cache disabled
2026-05-28T17:09:19.143-05:00  INFO 5362 --- [quindioflix] [           main] o.s.o.j.p.SpringPersistenceUnitInfo      : No LoadTimeWeaver setup: ignoring JPA class transformer
2026-05-28T17:09:19.161-05:00  WARN 5362 --- [quindioflix] [           main] org.hibernate.orm.deprecation            : HHH90000025: H2Dialect does not need to be specified explicitly using 'hibernate.dialect' (remove the property setting and it will be selected by default)
2026-05-28T17:09:19.681-05:00  INFO 5362 --- [quindioflix] [           main] o.h.e.t.j.p.i.JtaPlatformInitiator       : HHH000489: No JTA platform available (set 'hibernate.transaction.jta.platform' to enable JTA platform integration)
2026-05-28T17:09:19.728-05:00  INFO 5362 --- [quindioflix] [           main] j.LocalContainerEntityManagerFactoryBean : Initialized JPA EntityManagerFactory for persistence unit 'default'
2026-05-28T17:09:19.848-05:00  INFO 5362 --- [quindioflix] [           main] o.s.d.j.r.query.QueryEnhancerFactory     : Hibernate is in classpath; If applicable, HQL parser will be used.
2026-05-28T17:09:20.089-05:00  WARN 5362 --- [quindioflix] [           main] JpaBaseConfiguration$JpaWebConfiguration : spring.jpa.open-in-view is enabled by default. Therefore, database queries may be performed during view rendering. Explicitly configure spring.jpa.open-in-view to disable this warning
2026-05-28T17:09:20.098-05:00  WARN 5362 --- [quindioflix] [           main] .s.s.UserDetailsServiceAutoConfiguration : 

Using generated security password: c2e1a633-c21d-475e-b8e4-2b850e8ad8a6

This generated password is for development use only. Your security configuration must be updated before running your application in production.

2026-05-28T17:09:20.141-05:00  INFO 5362 --- [quindioflix] [           main] o.s.b.a.w.s.WelcomePageHandlerMapping    : Adding welcome page: class path resource [static/index.html]
2026-05-28T17:09:20.218-05:00  INFO 5362 --- [quindioflix] [           main] o.s.s.web.DefaultSecurityFilterChain     : Will secure any request with [org.springframework.security.web.session.DisableEncodeUrlFilter@53a4637c, org.springframework.security.web.context.request.async.WebAsyncManagerIntegrationFilter@27131d01, org.springframework.security.web.context.SecurityContextHolderFilter@6725f9e0, org.springframework.security.web.header.HeaderWriterFilter@75be6796, org.springframework.web.filter.CorsFilter@15c27b65, org.springframework.security.web.authentication.logout.LogoutFilter@4b95fdf2, org.springframework.security.web.savedrequest.RequestCacheAwareFilter@4b8ab2f8, org.springframework.security.web.servletapi.SecurityContextHolderAwareRequestFilter@2b46d238, org.springframework.security.web.authentication.AnonymousAuthenticationFilter@106a6420, org.springframework.security.web.access.ExceptionTranslationFilter@2227c82d, org.springframework.security.web.access.intercept.AuthorizationFilter@6fe47be]
2026-05-28T17:09:20.346-05:00  INFO 5362 --- [quindioflix] [           main] o.s.b.w.embedded.tomcat.TomcatWebServer  : Tomcat started on port 8080 (http) with context path ''
2026-05-28T17:09:20.351-05:00  INFO 5362 --- [quindioflix] [           main] com.quindioflix.QuindioflixApplication   : Started QuindioflixApplication in 2.296 seconds (process running for 2.423)
2026-05-28T17:09:20.591-05:00  INFO 5362 --- [quindioflix] [nio-8080-exec-1] o.a.c.c.C.[Tomcat].[localhost].[/]       : Initializing Spring DispatcherServlet 'dispatcherServlet'
2026-05-28T17:09:20.591-05:00  INFO 5362 --- [quindioflix] [nio-8080-exec-1] o.s.web.servlet.DispatcherServlet        : Initializing Servlet 'dispatcherServlet'
2026-05-28T17:09:20.592-05:00  INFO 5362 --- [quindioflix] [nio-8080-exec-1] o.s.web.servlet.DispatcherServlet        : Completed initialization in 1 ms
