[INFO] Scanning for projects...
[INFO] 
[INFO] ------------------< com.quindioflix:quindioflix-app >-------------------
[INFO] Building quindioflix-app 0.0.1-SNAPSHOT
[INFO]   from pom.xml
[INFO] --------------------------------[ jar ]---------------------------------
[INFO] 
[INFO] --- clean:3.3.2:clean (default-clean) @ quindioflix-app ---
[INFO] Deleting /Users/andrescepeda/Documents/FinalProyectBBDD2/quindioflix-app/target
[INFO] 
[INFO] --- resources:3.3.1:resources (default-resources) @ quindioflix-app ---
[INFO] Copying 2 resources from src/main/resources to target/classes
[INFO] Copying 4 resources from src/main/resources to target/classes
[INFO] 
[INFO] --- compiler:3.11.0:compile (default-compile) @ quindioflix-app ---
[INFO] Changes detected - recompiling the module! :source
[INFO] Compiling 53 source files with javac [debug release 17] to target/classes
[INFO] 
[INFO] --- resources:3.3.1:testResources (default-testResources) @ quindioflix-app ---
[INFO] skip non existing resourceDirectory /Users/andrescepeda/Documents/FinalProyectBBDD2/quindioflix-app/src/test/resources
[INFO] 
[INFO] --- compiler:3.11.0:testCompile (default-testCompile) @ quindioflix-app ---
[INFO] Changes detected - recompiling the module! :dependency
[INFO] Compiling 1 source file with javac [debug release 17] to target/test-classes
[INFO] 
[INFO] --- surefire:3.1.2:test (default-test) @ quindioflix-app ---
[INFO] Tests are skipped.
[INFO] 
[INFO] --- jar:3.3.0:jar (default-jar) @ quindioflix-app ---
[INFO] Building jar: /Users/andrescepeda/Documents/FinalProyectBBDD2/quindioflix-app/target/quindioflix-app-0.0.1-SNAPSHOT.jar
[INFO] 
[INFO] --- spring-boot:3.2.5:repackage (repackage) @ quindioflix-app ---
[INFO] Replacing main artifact /Users/andrescepeda/Documents/FinalProyectBBDD2/quindioflix-app/target/quindioflix-app-0.0.1-SNAPSHOT.jar with repackaged archive, adding nested dependencies in BOOT-INF/.
[INFO] The original artifact has been renamed to /Users/andrescepeda/Documents/FinalProyectBBDD2/quindioflix-app/target/quindioflix-app-0.0.1-SNAPSHOT.jar.original
[INFO] ------------------------------------------------------------------------
[INFO] BUILD SUCCESS
[INFO] ------------------------------------------------------------------------
[INFO] Total time:  3.196 s
[INFO] Finished at: 2026-05-26T20:00:58-05:00
[INFO] ------------------------------------------------------------------------
